{"/home/travis/build/npmtest/node-npmtest-ansi/test.js":{"path":"/home/travis/build/npmtest/node-npmtest-ansi/test.js","s":{"1":2,"2":2,"3":2,"4":2,"5":2,"6":2,"7":2,"8":1,"9":2,"10":2,"11":1,"12":1,"13":1,"14":1,"15":2,"16":2,"17":2,"18":2,"19":1,"20":1,"21":2,"22":2,"23":2,"24":1,"25":1,"26":1,"27":1,"28":1,"29":1,"30":1,"31":1,"32":1,"33":1,"34":1,"35":1,"36":1,"37":1,"38":1,"39":2,"40":2,"41":1,"42":2,"43":2,"44":1,"45":2,"46":2,"47":1,"48":2,"49":2,"50":1,"51":1,"52":1,"53":1,"54":1},"b":{"1":[2,1,1,1],"2":[1,1,1,1],"3":[1,1],"4":[1,1],"5":[1,1],"6":[1,1],"7":[1,1],"8":[1,1],"9":[1,1],"10":[1,1,1],"11":[1,1],"12":[1,1],"13":[1,1],"14":[1,1],"15":[1,1],"16":[1,1],"17":[1,1]},"f":{"1":2,"2":2,"3":2,"4":2,"5":2,"6":1,"7":1,"8":1,"9":2,"10":2,"11":2,"12":2,"13":1},"fnMap":{"1":{"name":"(anonymous_1)","line":12,"loc":{"start":{"line":12,"column":1},"end":{"line":12,"column":13}}},"2":{"name":"(anonymous_2)","line":19,"loc":{"start":{"line":19,"column":5},"end":{"line":19,"column":17}}},"3":{"name":"(anonymous_3)","line":23,"loc":{"start":{"line":23,"column":24},"end":{"line":23,"column":36}}},"4":{"name":"(anonymous_4)","line":61,"loc":{"start":{"line":61,"column":5},"end":{"line":61,"column":17}}},"5":{"name":"(anonymous_5)","line":82,"loc":{"start":{"line":82,"column":5},"end":{"line":82,"column":17}}},"6":{"name":"(anonymous_6)","line":91,"loc":{"start":{"line":91,"column":77},"end":{"line":94,"column":10}}},"7":{"name":"(anonymous_7)","line":112,"loc":{"start":{"line":112,"column":83},"end":{"line":115,"column":10}},"skip":true},"8":{"name":"(anonymous_8)","line":123,"loc":{"start":{"line":123,"column":77},"end":{"line":126,"column":10}},"skip":true},"9":{"name":"(anonymous_9)","line":139,"loc":{"start":{"line":139,"column":12},"end":{"line":139,"column":40}},"skip":true},"10":{"name":"(anonymous_10)","line":147,"loc":{"start":{"line":147,"column":77},"end":{"line":150,"column":10}},"skip":true},"11":{"name":"(anonymous_11)","line":158,"loc":{"start":{"line":158,"column":83},"end":{"line":161,"column":10}},"skip":true},"12":{"name":"(anonymous_12)","line":169,"loc":{"start":{"line":169,"column":79},"end":{"line":172,"column":10}},"skip":true},"13":{"name":"(anonymous_13)","line":180,"loc":{"start":{"line":180,"column":75},"end":{"line":183,"column":10}},"skip":true}},"statementMap":{"1":{"start":{"line":12,"column":0},"end":{"line":195,"column":5}},"2":{"start":{"line":14,"column":4},"end":{"line":14,"column":14}},"3":{"start":{"line":19,"column":4},"end":{"line":56,"column":9}},"4":{"start":{"line":21,"column":8},"end":{"line":21,"column":19}},"5":{"start":{"line":23,"column":8},"end":{"line":35,"column":13}},"6":{"start":{"line":24,"column":12},"end":{"line":34,"column":13}},"7":{"start":{"line":25,"column":16},"end":{"line":28,"column":30}},"8":{"start":{"line":30,"column":16},"end":{"line":33,"column":27}},"9":{"start":{"line":37,"column":8},"end":{"line":39,"column":21}},"10":{"start":{"line":40,"column":8},"end":{"line":53,"column":9}},"11":{"start":{"line":43,"column":12},"end":{"line":46,"column":14}},"12":{"start":{"line":47,"column":12},"end":{"line":47,"column":18}},"13":{"start":{"line":50,"column":12},"end":{"line":51,"column":33}},"14":{"start":{"line":52,"column":12},"end":{"line":52,"column":18}},"15":{"start":{"line":55,"column":8},"end":{"line":55,"column":35}},"16":{"start":{"line":61,"column":4},"end":{"line":63,"column":9}},"17":{"start":{"line":62,"column":8},"end":{"line":62,"column":15}},"18":{"start":{"line":64,"column":4},"end":{"line":77,"column":5}},"19":{"start":{"line":70,"column":8},"end":{"line":70,"column":14}},"20":{"start":{"line":76,"column":8},"end":{"line":76,"column":14}},"21":{"start":{"line":82,"column":4},"end":{"line":84,"column":9}},"22":{"start":{"line":83,"column":8},"end":{"line":83,"column":15}},"23":{"start":{"line":85,"column":4},"end":{"line":194,"column":5}},"24":{"start":{"line":91,"column":8},"end":{"line":99,"column":10}},"25":{"start":{"line":98,"column":12},"end":{"line":98,"column":35}},"26":{"start":{"line":102,"column":8},"end":{"line":104,"column":63}},"27":{"start":{"line":105,"column":8},"end":{"line":105,"column":14}},"28":{"start":{"line":112,"column":8},"end":{"line":121,"column":10},"skip":true},"29":{"start":{"line":119,"column":12},"end":{"line":119,"column":55},"skip":true},"30":{"start":{"line":120,"column":12},"end":{"line":120,"column":48},"skip":true},"31":{"start":{"line":123,"column":8},"end":{"line":136,"column":10},"skip":true},"32":{"start":{"line":130,"column":12},"end":{"line":130,"column":76},"skip":true},"33":{"start":{"line":131,"column":12},"end":{"line":131,"column":73},"skip":true},"34":{"start":{"line":132,"column":12},"end":{"line":132,"column":74},"skip":true},"35":{"start":{"line":133,"column":12},"end":{"line":133,"column":79},"skip":true},"36":{"start":{"line":134,"column":12},"end":{"line":134,"column":25},"skip":true},"37":{"start":{"line":135,"column":12},"end":{"line":135,"column":45},"skip":true},"38":{"start":{"line":138,"column":8},"end":{"line":145,"column":14},"skip":true},"39":{"start":{"line":143,"column":16},"end":{"line":143,"column":29},"skip":true},"40":{"start":{"line":144,"column":16},"end":{"line":144,"column":55},"skip":true},"41":{"start":{"line":147,"column":8},"end":{"line":156,"column":10},"skip":true},"42":{"start":{"line":154,"column":12},"end":{"line":154,"column":25},"skip":true},"43":{"start":{"line":155,"column":12},"end":{"line":155,"column":45},"skip":true},"44":{"start":{"line":158,"column":8},"end":{"line":167,"column":10},"skip":true},"45":{"start":{"line":165,"column":12},"end":{"line":165,"column":25},"skip":true},"46":{"start":{"line":166,"column":12},"end":{"line":166,"column":48},"skip":true},"47":{"start":{"line":169,"column":8},"end":{"line":178,"column":10},"skip":true},"48":{"start":{"line":176,"column":12},"end":{"line":176,"column":25},"skip":true},"49":{"start":{"line":177,"column":12},"end":{"line":177,"column":46},"skip":true},"50":{"start":{"line":180,"column":8},"end":{"line":189,"column":10},"skip":true},"51":{"start":{"line":187,"column":12},"end":{"line":187,"column":94},"skip":true},"52":{"start":{"line":188,"column":12},"end":{"line":188,"column":48},"skip":true},"53":{"start":{"line":192,"column":8},"end":{"line":192,"column":35},"skip":true},"54":{"start":{"line":193,"column":8},"end":{"line":193,"column":14},"skip":true}},"branchMap":{"1":{"line":25,"type":"binary-expr","locations":[{"start":{"line":25,"column":23},"end":{"line":25,"column":62}},{"start":{"line":26,"column":20},"end":{"line":26,"column":70}},{"start":{"line":27,"column":20},"end":{"line":27,"column":71}},{"start":{"line":28,"column":20},"end":{"line":28,"column":29}}]},"2":{"line":30,"type":"binary-expr","locations":[{"start":{"line":30,"column":23},"end":{"line":30,"column":37}},{"start":{"line":31,"column":20},"end":{"line":31,"column":61}},{"start":{"line":32,"column":20},"end":{"line":32,"column":70}},{"start":{"line":33,"column":20},"end":{"line":33,"column":26}}]},"3":{"line":37,"type":"cond-expr","locations":[{"start":{"line":38,"column":14},"end":{"line":38,"column":20}},{"start":{"line":39,"column":14},"end":{"line":39,"column":20}}]},"4":{"line":40,"type":"switch","locations":[{"start":{"line":42,"column":8},"end":{"line":47,"column":18}},{"start":{"line":49,"column":8},"end":{"line":52,"column":18}}]},"5":{"line":44,"type":"binary-expr","locations":[{"start":{"line":44,"column":16},"end":{"line":44,"column":44}},{"start":{"line":44,"column":48},"end":{"line":44,"column":66}}]},"6":{"line":50,"type":"binary-expr","locations":[{"start":{"line":50,"column":21},"end":{"line":50,"column":49}},{"start":{"line":50,"column":53},"end":{"line":50,"column":72}}]},"7":{"line":64,"type":"switch","locations":[{"start":{"line":69,"column":4},"end":{"line":70,"column":14}},{"start":{"line":75,"column":4},"end":{"line":76,"column":14}}]},"8":{"line":85,"type":"switch","locations":[{"start":{"line":90,"column":4},"end":{"line":105,"column":14}},{"start":{"line":111,"column":4},"end":{"line":193,"column":14},"skip":true}]},"9":{"line":91,"type":"binary-expr","locations":[{"start":{"line":91,"column":42},"end":{"line":91,"column":73}},{"start":{"line":91,"column":77},"end":{"line":99,"column":9}}]},"10":{"line":102,"type":"binary-expr","locations":[{"start":{"line":102,"column":18},"end":{"line":102,"column":32}},{"start":{"line":103,"column":12},"end":{"line":103,"column":53}},{"start":{"line":104,"column":12},"end":{"line":104,"column":61}}]},"11":{"line":112,"type":"binary-expr","locations":[{"start":{"line":112,"column":45},"end":{"line":112,"column":79},"skip":true},{"start":{"line":112,"column":83},"end":{"line":121,"column":9},"skip":true}]},"12":{"line":123,"type":"binary-expr","locations":[{"start":{"line":123,"column":42},"end":{"line":123,"column":73},"skip":true},{"start":{"line":123,"column":77},"end":{"line":136,"column":9},"skip":true}]},"13":{"line":138,"type":"binary-expr","locations":[{"start":{"line":138,"column":48},"end":{"line":138,"column":85},"skip":true},{"start":{"line":139,"column":12},"end":{"line":145,"column":13},"skip":true}]},"14":{"line":147,"type":"binary-expr","locations":[{"start":{"line":147,"column":42},"end":{"line":147,"column":73},"skip":true},{"start":{"line":147,"column":77},"end":{"line":156,"column":9},"skip":true}]},"15":{"line":158,"type":"binary-expr","locations":[{"start":{"line":158,"column":45},"end":{"line":158,"column":79},"skip":true},{"start":{"line":158,"column":83},"end":{"line":167,"column":9},"skip":true}]},"16":{"line":169,"type":"binary-expr","locations":[{"start":{"line":169,"column":43},"end":{"line":169,"column":75},"skip":true},{"start":{"line":169,"column":79},"end":{"line":178,"column":9},"skip":true}]},"17":{"line":180,"type":"binary-expr","locations":[{"start":{"line":180,"column":41},"end":{"line":180,"column":71},"skip":true},{"start":{"line":180,"column":75},"end":{"line":189,"column":9},"skip":true}]}},"code":["/* istanbul instrument in package npmtest_ansi */","/*jslint","    bitwise: true,","    browser: true,","    maxerr: 8,","    maxlen: 96,","    node: true,","    nomen: true,","    regexp: true,","    stupid: true","*/","(function () {","    'use strict';","    var local;","","","","    // run shared js-env code - init-before","    (function () {","        // init local","        local = {};","        // init modeJs","        local.modeJs = (function () {","            try {","                return typeof navigator.userAgent === 'string' &&","                    typeof document.querySelector('body') === 'object' &&","                    typeof XMLHttpRequest.prototype.open === 'function' &&","                    'browser';","            } catch (errorCaughtBrowser) {","                return module.exports &&","                    typeof process.versions.node === 'string' &&","                    typeof require('http').createServer === 'function' &&","                    'node';","            }","        }());","        // init global","        local.global = local.modeJs === 'browser'","            ? window","            : global;","        switch (local.modeJs) {","        // re-init local from window.local","        case 'browser':","            local = local.global.utility2.objectSetDefault(","                local.global.utility2_rollup || local.global.local,","                local.global.utility2","            );","            break;","        // re-init local from example.js","        case 'node':","            local = (local.global.utility2_rollup || require('utility2'))","                .requireReadme();","            break;","        }","        // export local","        local.global.local = local;","    }());","","","","    // run shared js-env code - function","    (function () {","        return;","    }());","    switch (local.modeJs) {","","","","    // run browser js-env code - function","    case 'browser':","        break;","","","","    // run node js-env code - function","    case 'node':","        break;","    }","","","","    // run shared js-env code - init-after","    (function () {","        return;","    }());","    switch (local.modeJs) {","","","","    // run browser js-env code - init-after","    case 'browser':","        local.testCase_browser_nullCase = local.testCase_browser_nullCase || function (","            options,","            onError","        ) {","        /*","         * this function will test browsers's null-case handling-behavior-behavior","         */","            onError(null, options);","        };","","        // run tests","        local.nop(local.modeTest &&","            document.querySelector('#testRunButton1') &&","            document.querySelector('#testRunButton1').click());","        break;","","","","    // run node js-env code - init-after","    /* istanbul ignore next */","    case 'node':","        local.testCase_buildApidoc_default = local.testCase_buildApidoc_default || function (","            options,","            onError","        ) {","        /*","         * this function will test buildApidoc's default handling-behavior-behavior","         */","            options = { modulePathList: module.paths };","            local.buildApidoc(options, onError);","        };","","        local.testCase_buildApp_default = local.testCase_buildApp_default || function (","            options,","            onError","        ) {","        /*","         * this function will test buildApp's default handling-behavior-behavior","         */","            local.testCase_buildReadme_default(options, local.onErrorThrow);","            local.testCase_buildLib_default(options, local.onErrorThrow);","            local.testCase_buildTest_default(options, local.onErrorThrow);","            local.testCase_buildCustomOrg_default(options, local.onErrorThrow);","            options = [];","            local.buildApp(options, onError);","        };","","        local.testCase_buildCustomOrg_default = local.testCase_buildCustomOrg_default ||","            function (options, onError) {","            /*","             * this function will test buildCustomOrg's default handling-behavior","             */","                options = {};","                local.buildCustomOrg(options, onError);","            };","","        local.testCase_buildLib_default = local.testCase_buildLib_default || function (","            options,","            onError","        ) {","        /*","         * this function will test buildLib's default handling-behavior","         */","            options = {};","            local.buildLib(options, onError);","        };","","        local.testCase_buildReadme_default = local.testCase_buildReadme_default || function (","            options,","            onError","        ) {","        /*","         * this function will test buildReadme's default handling-behavior-behavior","         */","            options = {};","            local.buildReadme(options, onError);","        };","","        local.testCase_buildTest_default = local.testCase_buildTest_default || function (","            options,","            onError","        ) {","        /*","         * this function will test buildTest's default handling-behavior","         */","            options = {};","            local.buildTest(options, onError);","        };","","        local.testCase_webpage_default = local.testCase_webpage_default || function (","            options,","            onError","        ) {","        /*","         * this function will test webpage's default handling-behavior","         */","            options = { modeCoverageMerge: true, url: local.serverLocalHost + '?modeTest=1' };","            local.browserTest(options, onError);","        };","","        // run test-server","        local.testRunServer(local);","        break;","    }","}());",""],"l":{"12":2,"14":2,"19":2,"21":2,"23":2,"24":2,"25":2,"30":1,"37":2,"40":2,"43":1,"47":1,"50":1,"52":1,"55":2,"61":2,"62":2,"64":2,"70":1,"76":1,"82":2,"83":2,"85":2,"91":1,"98":1,"102":1,"105":1,"112":1,"119":1,"120":1,"123":1,"130":1,"131":1,"132":1,"133":1,"134":1,"135":1,"138":1,"143":2,"144":2,"147":1,"154":2,"155":2,"158":1,"165":2,"166":2,"169":1,"176":2,"177":2,"180":1,"187":1,"188":1,"192":1,"193":1}},"/home/travis/build/npmtest/node-npmtest-ansi/lib.npmtest_ansi.js":{"path":"/home/travis/build/npmtest/node-npmtest-ansi/lib.npmtest_ansi.js","s":{"1":2,"2":2,"3":2,"4":2,"5":2,"6":2,"7":2,"8":1,"9":2,"10":2,"11":2,"12":2,"13":1,"14":1,"15":1,"16":1},"b":{"1":[2,1,1,1],"2":[1,1,1,1],"3":[1,1],"4":[2,2],"5":[1,1]},"f":{"1":2,"2":2,"3":2},"fnMap":{"1":{"name":"(anonymous_1)","line":12,"loc":{"start":{"line":12,"column":1},"end":{"line":12,"column":13}}},"2":{"name":"(anonymous_2)","line":19,"loc":{"start":{"line":19,"column":5},"end":{"line":19,"column":17}}},"3":{"name":"(anonymous_3)","line":23,"loc":{"start":{"line":23,"column":24},"end":{"line":23,"column":36}}}},"statementMap":{"1":{"start":{"line":12,"column":0},"end":{"line":53,"column":5}},"2":{"start":{"line":14,"column":4},"end":{"line":14,"column":14}},"3":{"start":{"line":19,"column":4},"end":{"line":52,"column":9}},"4":{"start":{"line":21,"column":8},"end":{"line":21,"column":19}},"5":{"start":{"line":23,"column":8},"end":{"line":35,"column":13}},"6":{"start":{"line":24,"column":12},"end":{"line":34,"column":13}},"7":{"start":{"line":25,"column":16},"end":{"line":28,"column":30}},"8":{"start":{"line":30,"column":16},"end":{"line":33,"column":27}},"9":{"start":{"line":37,"column":8},"end":{"line":39,"column":21}},"10":{"start":{"line":41,"column":8},"end":{"line":41,"column":54}},"11":{"start":{"line":43,"column":8},"end":{"line":43,"column":49}},"12":{"start":{"line":45,"column":8},"end":{"line":51,"column":9}},"13":{"start":{"line":46,"column":12},"end":{"line":46,"column":55}},"14":{"start":{"line":48,"column":12},"end":{"line":48,"column":35}},"15":{"start":{"line":49,"column":12},"end":{"line":49,"column":49}},"16":{"start":{"line":50,"column":12},"end":{"line":50,"column":43}}},"branchMap":{"1":{"line":25,"type":"binary-expr","locations":[{"start":{"line":25,"column":23},"end":{"line":25,"column":62}},{"start":{"line":26,"column":20},"end":{"line":26,"column":70}},{"start":{"line":27,"column":20},"end":{"line":27,"column":71}},{"start":{"line":28,"column":20},"end":{"line":28,"column":29}}]},"2":{"line":30,"type":"binary-expr","locations":[{"start":{"line":30,"column":23},"end":{"line":30,"column":37}},{"start":{"line":31,"column":20},"end":{"line":31,"column":61}},{"start":{"line":32,"column":20},"end":{"line":32,"column":70}},{"start":{"line":33,"column":20},"end":{"line":33,"column":26}}]},"3":{"line":37,"type":"cond-expr","locations":[{"start":{"line":38,"column":14},"end":{"line":38,"column":20}},{"start":{"line":39,"column":14},"end":{"line":39,"column":20}}]},"4":{"line":41,"type":"binary-expr","locations":[{"start":{"line":41,"column":16},"end":{"line":41,"column":44}},{"start":{"line":41,"column":48},"end":{"line":41,"column":53}}]},"5":{"line":45,"type":"if","locations":[{"start":{"line":45,"column":8},"end":{"line":45,"column":8}},{"start":{"line":45,"column":8},"end":{"line":45,"column":8}}]}},"code":["/* istanbul instrument in package npmtest_ansi */","/*jslint","    bitwise: true,","    browser: true,","    maxerr: 8,","    maxlen: 96,","    node: true,","    nomen: true,","    regexp: true,","    stupid: true","*/","(function () {","    'use strict';","    var local;","","","","    // run shared js-env code - init-before","    (function () {","        // init local","        local = {};","        // init modeJs","        local.modeJs = (function () {","            try {","                return typeof navigator.userAgent === 'string' &&","                    typeof document.querySelector('body') === 'object' &&","                    typeof XMLHttpRequest.prototype.open === 'function' &&","                    'browser';","            } catch (errorCaughtBrowser) {","                return module.exports &&","                    typeof process.versions.node === 'string' &&","                    typeof require('http').createServer === 'function' &&","                    'node';","            }","        }());","        // init global","        local.global = local.modeJs === 'browser'","            ? window","            : global;","        // init utility2_rollup","        local = local.global.utility2_rollup || local;","        // init lib","        local.local = local.npmtest_ansi = local;","        // init exports","        if (local.modeJs === 'browser') {","            local.global.utility2_npmtest_ansi = local;","        } else {","            module.exports = local;","            module.exports.__dirname = __dirname;","            module.exports.module = module;","        }","    }());","}());",""],"l":{"12":2,"14":2,"19":2,"21":2,"23":2,"24":2,"25":2,"30":1,"37":2,"41":2,"43":2,"45":2,"46":1,"48":1,"49":1,"50":1}},"/home/travis/build/npmtest/node-npmtest-ansi/example.js":{"path":"/home/travis/build/npmtest/node-npmtest-ansi/example.js","s":{"1":2,"2":2,"3":2,"4":2,"5":2,"6":2,"7":2,"8":1,"9":2,"10":2,"11":2,"12":2,"13":1,"14":2,"15":2,"16":2,"17":2,"18":2,"19":0,"20":2,"21":1,"22":1,"23":1,"24":1,"25":1,"26":0,"27":0,"28":1,"29":1,"30":2,"31":0,"32":0,"33":0,"34":1,"35":2,"36":2,"37":3,"38":3,"39":3,"40":3,"41":0,"42":3,"43":3,"44":3,"45":1,"46":3,"47":1,"48":1,"49":1,"50":1,"51":1,"52":1,"53":1,"54":1,"55":1,"56":1,"57":0,"58":1,"59":6,"60":6,"61":1,"62":2,"63":0,"64":2,"65":1,"66":1,"67":0,"68":0,"69":0,"70":0,"71":0,"72":0,"73":0,"74":0,"75":0,"76":0,"77":0,"78":0,"79":0,"80":0,"81":0,"82":0,"83":0},"b":{"1":[2,1,1,1],"2":[1,1,1,1],"3":[1,1],"4":[2,2],"5":[1,1],"6":[1,1],"7":[2,0],"8":[2,1,1,1,1,1],"9":[0,2,0],"10":[1,1],"11":[2,1,1],"12":[1,0],"13":[0,2],"14":[2,0,0,0,0,0,0],"15":[0,3],"16":[3,0],"17":[1,1],"18":[0,1],"19":[1,2,0,2],"20":[1,0],"21":[1,1],"22":[0,0],"23":[0,0],"24":[0,0],"25":[0,0],"26":[0,0],"27":[0,0],"28":[0,0]},"f":{"1":2,"2":2,"3":2,"4":2,"5":2,"6":2,"7":3,"8":3,"9":3,"10":1,"11":6,"12":0},"fnMap":{"1":{"name":"(anonymous_1)","line":26,"loc":{"start":{"line":26,"column":1},"end":{"line":26,"column":13}}},"2":{"name":"(anonymous_2)","line":33,"loc":{"start":{"line":33,"column":5},"end":{"line":33,"column":17}}},"3":{"name":"(anonymous_3)","line":37,"loc":{"start":{"line":37,"column":24},"end":{"line":37,"column":36}}},"4":{"name":"(anonymous_4)","line":69,"loc":{"start":{"line":69,"column":31},"end":{"line":69,"column":48}},"skip":true},"5":{"name":"(anonymous_5)","line":78,"loc":{"start":{"line":78,"column":26},"end":{"line":78,"column":45}},"skip":true},"6":{"name":"(anonymous_6)","line":123,"loc":{"start":{"line":123,"column":33},"end":{"line":123,"column":48}},"skip":true},"7":{"name":"(anonymous_7)","line":125,"loc":{"start":{"line":125,"column":27},"end":{"line":125,"column":39}},"skip":true},"8":{"name":"(anonymous_8)","line":133,"loc":{"start":{"line":133,"column":59},"end":{"line":133,"column":74}},"skip":true},"9":{"name":"(anonymous_9)","line":143,"loc":{"start":{"line":143,"column":45},"end":{"line":143,"column":62}},"skip":true},"10":{"name":"(anonymous_10)","line":144,"loc":{"start":{"line":144,"column":73},"end":{"line":144,"column":92}},"skip":true},"11":{"name":"(anonymous_11)","line":272,"loc":{"start":{"line":272,"column":51},"end":{"line":272,"column":77}},"skip":true},"12":{"name":"(anonymous_12)","line":315,"loc":{"start":{"line":315,"column":32},"end":{"line":315,"column":61}},"skip":true}},"statementMap":{"1":{"start":{"line":26,"column":0},"end":{"line":326,"column":5}},"2":{"start":{"line":28,"column":4},"end":{"line":28,"column":14}},"3":{"start":{"line":33,"column":4},"end":{"line":60,"column":9}},"4":{"start":{"line":35,"column":8},"end":{"line":35,"column":19}},"5":{"start":{"line":37,"column":8},"end":{"line":49,"column":13}},"6":{"start":{"line":38,"column":12},"end":{"line":48,"column":13}},"7":{"start":{"line":39,"column":16},"end":{"line":42,"column":30}},"8":{"start":{"line":44,"column":16},"end":{"line":47,"column":27}},"9":{"start":{"line":51,"column":8},"end":{"line":53,"column":21}},"10":{"start":{"line":55,"column":8},"end":{"line":57,"column":45}},"11":{"start":{"line":59,"column":8},"end":{"line":59,"column":35}},"12":{"start":{"line":61,"column":4},"end":{"line":325,"column":5}},"13":{"start":{"line":69,"column":8},"end":{"line":121,"column":10},"skip":true},"14":{"start":{"line":70,"column":12},"end":{"line":88,"column":13},"skip":true},"15":{"start":{"line":76,"column":16},"end":{"line":87,"column":19},"skip":true},"16":{"start":{"line":79,"column":20},"end":{"line":86,"column":21},"skip":true},"17":{"start":{"line":82,"column":24},"end":{"line":82,"column":43},"skip":true},"18":{"start":{"line":83,"column":24},"end":{"line":83,"column":30},"skip":true},"19":{"start":{"line":85,"column":24},"end":{"line":85,"column":49},"skip":true},"20":{"start":{"line":89,"column":12},"end":{"line":107,"column":13},"skip":true},"21":{"start":{"line":92,"column":16},"end":{"line":102,"column":17},"skip":true},"22":{"start":{"line":93,"column":20},"end":{"line":93,"column":86},"skip":true},"23":{"start":{"line":94,"column":20},"end":{"line":95,"column":45},"skip":true},"24":{"start":{"line":96,"column":20},"end":{"line":96,"column":42},"skip":true},"25":{"start":{"line":97,"column":20},"end":{"line":97,"column":48},"skip":true},"26":{"start":{"line":100,"column":20},"end":{"line":100,"column":85},"skip":true},"27":{"start":{"line":101,"column":20},"end":{"line":101,"column":96},"skip":true},"28":{"start":{"line":103,"column":16},"end":{"line":103,"column":22},"skip":true},"29":{"start":{"line":106,"column":16},"end":{"line":106,"column":22},"skip":true},"30":{"start":{"line":108,"column":12},"end":{"line":120,"column":13},"skip":true},"31":{"start":{"line":114,"column":16},"end":{"line":119,"column":17},"skip":true},"32":{"start":{"line":116,"column":20},"end":{"line":116,"column":78},"skip":true},"33":{"start":{"line":118,"column":20},"end":{"line":118,"column":47},"skip":true},"34":{"start":{"line":123,"column":8},"end":{"line":141,"column":11},"skip":true},"35":{"start":{"line":124,"column":12},"end":{"line":124,"column":54},"skip":true},"36":{"start":{"line":125,"column":12},"end":{"line":140,"column":14},"skip":true},"37":{"start":{"line":126,"column":16},"end":{"line":126,"column":28},"skip":true},"38":{"start":{"line":127,"column":16},"end":{"line":127,"column":69},"skip":true},"39":{"start":{"line":128,"column":16},"end":{"line":128,"column":75},"skip":true},"40":{"start":{"line":129,"column":16},"end":{"line":131,"column":17},"skip":true},"41":{"start":{"line":130,"column":20},"end":{"line":130,"column":27},"skip":true},"42":{"start":{"line":133,"column":16},"end":{"line":137,"column":36},"skip":true},"43":{"start":{"line":134,"column":20},"end":{"line":136,"column":55},"skip":true},"44":{"start":{"line":139,"column":16},"end":{"line":139,"column":57},"skip":true},"45":{"start":{"line":143,"column":8},"end":{"line":147,"column":11},"skip":true},"46":{"start":{"line":144,"column":12},"end":{"line":146,"column":15},"skip":true},"47":{"start":{"line":145,"column":16},"end":{"line":145,"column":70},"skip":true},"48":{"start":{"line":149,"column":8},"end":{"line":149,"column":31},"skip":true},"49":{"start":{"line":150,"column":8},"end":{"line":150,"column":14},"skip":true},"50":{"start":{"line":158,"column":8},"end":{"line":158,"column":31},"skip":true},"51":{"start":{"line":160,"column":8},"end":{"line":160,"column":33},"skip":true},"52":{"start":{"line":161,"column":8},"end":{"line":161,"column":37},"skip":true},"53":{"start":{"line":162,"column":8},"end":{"line":162,"column":35},"skip":true},"54":{"start":{"line":164,"column":8},"end":{"line":164,"column":50},"skip":true},"55":{"start":{"line":166,"column":8},"end":{"line":256,"column":2},"skip":true},"56":{"start":{"line":258,"column":8},"end":{"line":286,"column":9},"skip":true},"57":{"start":{"line":259,"column":12},"end":{"line":269,"column":14},"skip":true},"58":{"start":{"line":271,"column":12},"end":{"line":285,"column":19},"skip":true},"59":{"start":{"line":274,"column":20},"end":{"line":274,"column":35},"skip":true},"60":{"start":{"line":275,"column":20},"end":{"line":284,"column":21},"skip":true},"61":{"start":{"line":277,"column":24},"end":{"line":277,"column":64},"skip":true},"62":{"start":{"line":279,"column":24},"end":{"line":279,"column":40},"skip":true},"63":{"start":{"line":281,"column":24},"end":{"line":281,"column":40},"skip":true},"64":{"start":{"line":283,"column":24},"end":{"line":283,"column":39},"skip":true},"65":{"start":{"line":288,"column":8},"end":{"line":290,"column":9},"skip":true},"66":{"start":{"line":289,"column":12},"end":{"line":289,"column":18},"skip":true},"67":{"start":{"line":291,"column":8},"end":{"line":293,"column":54},"skip":true},"68":{"start":{"line":296,"column":8},"end":{"line":301,"column":37},"skip":true},"69":{"start":{"line":303,"column":8},"end":{"line":303,"column":82},"skip":true},"70":{"start":{"line":306,"column":8},"end":{"line":308,"column":9},"skip":true},"71":{"start":{"line":307,"column":12},"end":{"line":307,"column":82},"skip":true},"72":{"start":{"line":310,"column":8},"end":{"line":312,"column":9},"skip":true},"73":{"start":{"line":311,"column":12},"end":{"line":311,"column":18},"skip":true},"74":{"start":{"line":313,"column":8},"end":{"line":313,"column":54},"skip":true},"75":{"start":{"line":314,"column":8},"end":{"line":314,"column":69},"skip":true},"76":{"start":{"line":315,"column":8},"end":{"line":323,"column":36},"skip":true},"77":{"start":{"line":316,"column":12},"end":{"line":316,"column":61},"skip":true},"78":{"start":{"line":317,"column":12},"end":{"line":320,"column":13},"skip":true},"79":{"start":{"line":318,"column":16},"end":{"line":318,"column":75},"skip":true},"80":{"start":{"line":319,"column":16},"end":{"line":319,"column":23},"skip":true},"81":{"start":{"line":321,"column":12},"end":{"line":321,"column":38},"skip":true},"82":{"start":{"line":322,"column":12},"end":{"line":322,"column":27},"skip":true},"83":{"start":{"line":324,"column":8},"end":{"line":324,"column":14},"skip":true}},"branchMap":{"1":{"line":39,"type":"binary-expr","locations":[{"start":{"line":39,"column":23},"end":{"line":39,"column":62}},{"start":{"line":40,"column":20},"end":{"line":40,"column":70}},{"start":{"line":41,"column":20},"end":{"line":41,"column":71}},{"start":{"line":42,"column":20},"end":{"line":42,"column":29}}]},"2":{"line":44,"type":"binary-expr","locations":[{"start":{"line":44,"column":23},"end":{"line":44,"column":37}},{"start":{"line":45,"column":20},"end":{"line":45,"column":61}},{"start":{"line":46,"column":20},"end":{"line":46,"column":70}},{"start":{"line":47,"column":20},"end":{"line":47,"column":26}}]},"3":{"line":51,"type":"cond-expr","locations":[{"start":{"line":52,"column":14},"end":{"line":52,"column":20}},{"start":{"line":53,"column":14},"end":{"line":53,"column":20}}]},"4":{"line":55,"type":"binary-expr","locations":[{"start":{"line":55,"column":16},"end":{"line":55,"column":44}},{"start":{"line":55,"column":49},"end":{"line":57,"column":43}}]},"5":{"line":55,"type":"cond-expr","locations":[{"start":{"line":56,"column":14},"end":{"line":56,"column":48}},{"start":{"line":57,"column":14},"end":{"line":57,"column":43}}]},"6":{"line":61,"type":"switch","locations":[{"start":{"line":68,"column":4},"end":{"line":150,"column":14},"skip":true},{"start":{"line":156,"column":4},"end":{"line":324,"column":14},"skip":true}]},"7":{"line":70,"type":"if","locations":[{"start":{"line":70,"column":12},"end":{"line":70,"column":12},"skip":true},{"start":{"line":70,"column":12},"end":{"line":70,"column":12},"skip":true}]},"8":{"line":70,"type":"binary-expr","locations":[{"start":{"line":70,"column":16},"end":{"line":70,"column":22},"skip":true},{"start":{"line":70,"column":27},"end":{"line":70,"column":32},"skip":true},{"start":{"line":71,"column":20},"end":{"line":71,"column":39},"skip":true},{"start":{"line":72,"column":20},"end":{"line":72,"column":49},"skip":true},{"start":{"line":73,"column":20},"end":{"line":73,"column":58},"skip":true},{"start":{"line":74,"column":20},"end":{"line":74,"column":69},"skip":true}]},"9":{"line":79,"type":"switch","locations":[{"start":{"line":80,"column":20},"end":{"line":80,"column":33},"skip":true},{"start":{"line":81,"column":20},"end":{"line":83,"column":30},"skip":true},{"start":{"line":84,"column":20},"end":{"line":85,"column":49},"skip":true}]},"10":{"line":89,"type":"switch","locations":[{"start":{"line":90,"column":12},"end":{"line":103,"column":22},"skip":true},{"start":{"line":105,"column":12},"end":{"line":106,"column":22},"skip":true}]},"11":{"line":89,"type":"binary-expr","locations":[{"start":{"line":89,"column":20},"end":{"line":89,"column":25},"skip":true},{"start":{"line":89,"column":29},"end":{"line":89,"column":48},"skip":true},{"start":{"line":89,"column":52},"end":{"line":89,"column":74},"skip":true}]},"12":{"line":92,"type":"if","locations":[{"start":{"line":92,"column":16},"end":{"line":92,"column":16},"skip":true},{"start":{"line":92,"column":16},"end":{"line":92,"column":16},"skip":true}]},"13":{"line":108,"type":"if","locations":[{"start":{"line":108,"column":12},"end":{"line":108,"column":12},"skip":true},{"start":{"line":108,"column":12},"end":{"line":108,"column":12},"skip":true}]},"14":{"line":108,"type":"binary-expr","locations":[{"start":{"line":108,"column":16},"end":{"line":108,"column":61},"skip":true},{"start":{"line":108,"column":66},"end":{"line":108,"column":72},"skip":true},{"start":{"line":108,"column":77},"end":{"line":108,"column":82},"skip":true},{"start":{"line":109,"column":20},"end":{"line":109,"column":39},"skip":true},{"start":{"line":110,"column":20},"end":{"line":110,"column":49},"skip":true},{"start":{"line":111,"column":20},"end":{"line":111,"column":58},"skip":true},{"start":{"line":112,"column":20},"end":{"line":112,"column":68},"skip":true}]},"15":{"line":129,"type":"if","locations":[{"start":{"line":129,"column":16},"end":{"line":129,"column":16},"skip":true},{"start":{"line":129,"column":16},"end":{"line":129,"column":16},"skip":true}]},"16":{"line":134,"type":"cond-expr","locations":[{"start":{"line":135,"column":26},"end":{"line":135,"column":29},"skip":true},{"start":{"line":136,"column":26},"end":{"line":136,"column":54},"skip":true}]},"17":{"line":164,"type":"binary-expr","locations":[{"start":{"line":164,"column":27},"end":{"line":164,"column":43},"skip":true},{"start":{"line":164,"column":47},"end":{"line":164,"column":49},"skip":true}]},"18":{"line":258,"type":"if","locations":[{"start":{"line":258,"column":8},"end":{"line":258,"column":8},"skip":true},{"start":{"line":258,"column":8},"end":{"line":258,"column":8},"skip":true}]},"19":{"line":275,"type":"switch","locations":[{"start":{"line":276,"column":20},"end":{"line":277,"column":64},"skip":true},{"start":{"line":278,"column":20},"end":{"line":279,"column":40},"skip":true},{"start":{"line":280,"column":20},"end":{"line":281,"column":40},"skip":true},{"start":{"line":282,"column":20},"end":{"line":283,"column":39},"skip":true}]},"20":{"line":288,"type":"if","locations":[{"start":{"line":288,"column":8},"end":{"line":288,"column":8},"skip":true},{"start":{"line":288,"column":8},"end":{"line":288,"column":8},"skip":true}]},"21":{"line":288,"type":"binary-expr","locations":[{"start":{"line":288,"column":12},"end":{"line":288,"column":40},"skip":true},{"start":{"line":288,"column":44},"end":{"line":288,"column":67},"skip":true}]},"22":{"line":292,"type":"binary-expr","locations":[{"start":{"line":292,"column":12},"end":{"line":292,"column":50},"skip":true},{"start":{"line":293,"column":12},"end":{"line":293,"column":53},"skip":true}]},"23":{"line":297,"type":"binary-expr","locations":[{"start":{"line":297,"column":12},"end":{"line":297,"column":62},"skip":true},{"start":{"line":298,"column":12},"end":{"line":301,"column":36},"skip":true}]},"24":{"line":303,"type":"binary-expr","locations":[{"start":{"line":303,"column":43},"end":{"line":303,"column":75},"skip":true},{"start":{"line":303,"column":79},"end":{"line":303,"column":81},"skip":true}]},"25":{"line":306,"type":"if","locations":[{"start":{"line":306,"column":8},"end":{"line":306,"column":8},"skip":true},{"start":{"line":306,"column":8},"end":{"line":306,"column":8},"skip":true}]},"26":{"line":310,"type":"if","locations":[{"start":{"line":310,"column":8},"end":{"line":310,"column":8},"skip":true},{"start":{"line":310,"column":8},"end":{"line":310,"column":8},"skip":true}]},"27":{"line":313,"type":"binary-expr","locations":[{"start":{"line":313,"column":27},"end":{"line":313,"column":43},"skip":true},{"start":{"line":313,"column":47},"end":{"line":313,"column":53},"skip":true}]},"28":{"line":317,"type":"if","locations":[{"start":{"line":317,"column":12},"end":{"line":317,"column":12},"skip":true},{"start":{"line":317,"column":12},"end":{"line":317,"column":12},"skip":true}]}},"code":["/*","example.js","","quickstart example","","instruction","    1. save this script as example.js","    2. run the shell command:","        $ npm install npmtest-ansi && PORT=8081 node example.js","    3. play with the browser-demo on http://127.0.0.1:8081","*/","","","","/* istanbul instrument in package npmtest_ansi */","/*jslint","    bitwise: true,","    browser: true,","    maxerr: 8,","    maxlen: 96,","    node: true,","    nomen: true,","    regexp: true,","    stupid: true","*/","(function () {","    'use strict';","    var local;","","","","    // run shared js-env code - init-before","    (function () {","        // init local","        local = {};","        // init modeJs","        local.modeJs = (function () {","            try {","                return typeof navigator.userAgent === 'string' &&","                    typeof document.querySelector('body') === 'object' &&","                    typeof XMLHttpRequest.prototype.open === 'function' &&","                    'browser';","            } catch (errorCaughtBrowser) {","                return module.exports &&","                    typeof process.versions.node === 'string' &&","                    typeof require('http').createServer === 'function' &&","                    'node';","            }","        }());","        // init global","        local.global = local.modeJs === 'browser'","            ? window","            : global;","        // init utility2_rollup","        local = local.global.utility2_rollup || (local.modeJs === 'browser'","            ? local.global.utility2_npmtest_ansi","            : global.utility2_moduleExports);","        // export local","        local.global.local = local;","    }());","    switch (local.modeJs) {","","","","    // init-after","    // run browser js-env code - init-after","    /* istanbul ignore next */","    case 'browser':","        local.testRunBrowser = function (event) {","            if (!event || (event &&","                    event.currentTarget &&","                    event.currentTarget.className &&","                    event.currentTarget.className.includes &&","                    event.currentTarget.className.includes('onreset'))) {","                // reset output","                Array.from(","                    document.querySelectorAll('body > .resettable')","                ).forEach(function (element) {","                    switch (element.tagName) {","                    case 'INPUT':","                    case 'TEXTAREA':","                        element.value = '';","                        break;","                    default:","                        element.textContent = '';","                    }","                });","            }","            switch (event && event.currentTarget && event.currentTarget.id) {","            case 'testRunButton1':","                // show tests","                if (document.querySelector('#testReportDiv1').style.display === 'none') {","                    document.querySelector('#testReportDiv1').style.display = 'block';","                    document.querySelector('#testRunButton1').textContent =","                        'hide internal test';","                    local.modeTest = true;","                    local.testRunDefault(local);","                // hide tests","                } else {","                    document.querySelector('#testReportDiv1').style.display = 'none';","                    document.querySelector('#testRunButton1').textContent = 'run internal test';","                }","                break;","            // custom-case","            default:","                break;","            }","            if (document.querySelector('#inputTextareaEval1') && (!event || (event &&","                    event.currentTarget &&","                    event.currentTarget.className &&","                    event.currentTarget.className.includes &&","                    event.currentTarget.className.includes('oneval')))) {","                // try to eval input-code","                try {","                    /*jslint evil: true*/","                    eval(document.querySelector('#inputTextareaEval1').value);","                } catch (errorCaught) {","                    console.error(errorCaught);","                }","            }","        };","        // log stderr and stdout to #outputTextareaStdout1","        ['error', 'log'].forEach(function (key) {","            console[key + '_original'] = console[key];","            console[key] = function () {","                var element;","                console[key + '_original'].apply(console, arguments);","                element = document.querySelector('#outputTextareaStdout1');","                if (!element) {","                    return;","                }","                // append text to #outputTextareaStdout1","                element.value += Array.from(arguments).map(function (arg) {","                    return typeof arg === 'string'","                        ? arg","                        : JSON.stringify(arg, null, 4);","                }).join(' ') + '\\n';","                // scroll textarea to bottom","                element.scrollTop = element.scrollHeight;","            };","        });","        // init event-handling","        ['change', 'click', 'keyup'].forEach(function (event) {","            Array.from(document.querySelectorAll('.on' + event)).forEach(function (element) {","                element.addEventListener(event, local.testRunBrowser);","            });","        });","        // run tests","        local.testRunBrowser();","        break;","","","","    // run node js-env code - init-after","    /* istanbul ignore next */","    case 'node':","        // export local","        module.exports = local;","        // require modules","        local.fs = require('fs');","        local.http = require('http');","        local.url = require('url');","        // init assets","        local.assetsDict = local.assetsDict || {};","        /* jslint-ignore-begin */","        local.assetsDict['/assets.index.template.html'] = '\\","<!doctype html>\\n\\","<html lang=\"en\">\\n\\","<head>\\n\\","<meta charset=\"UTF-8\">\\n\\","<meta name=\"viewport\" content=\"width=device-width, initial-scale=1\">\\n\\","<title>{{env.npm_package_name}} (v{{env.npm_package_version}})</title>\\n\\","<style>\\n\\","/*csslint\\n\\","    box-sizing: false,\\n\\","    universal-selector: false\\n\\","*/\\n\\","* {\\n\\","    box-sizing: border-box;\\n\\","}\\n\\","body {\\n\\","    background: #dde;\\n\\","    font-family: Arial, Helvetica, sans-serif;\\n\\","    margin: 2rem;\\n\\","}\\n\\","body > * {\\n\\","    margin-bottom: 1rem;\\n\\","}\\n\\",".utility2FooterDiv {\\n\\","    margin-top: 20px;\\n\\","    text-align: center;\\n\\","}\\n\\","</style>\\n\\","<style>\\n\\","/*csslint\\n\\","*/\\n\\","textarea {\\n\\","    font-family: monospace;\\n\\","    height: 10rem;\\n\\","    width: 100%;\\n\\","}\\n\\","textarea[readonly] {\\n\\","    background: #ddd;\\n\\","}\\n\\","</style>\\n\\","</head>\\n\\","<body>\\n\\","<!-- utility2-comment\\n\\","<div id=\"ajaxProgressDiv1\" style=\"background: #d00; height: 2px; left: 0; margin: 0; padding: 0; position: fixed; top: 0; transition: background 0.5s, width 1.5s; width: 25%;\"></div>\\n\\","utility2-comment -->\\n\\","<h1>\\n\\","<!-- utility2-comment\\n\\","    <a\\n\\","        {{#if env.npm_package_homepage}}\\n\\","        href=\"{{env.npm_package_homepage}}\"\\n\\","        {{/if env.npm_package_homepage}}\\n\\","        target=\"_blank\"\\n\\","    >\\n\\","utility2-comment -->\\n\\","        {{env.npm_package_name}} (v{{env.npm_package_version}})\\n\\","<!-- utility2-comment\\n\\","    </a>\\n\\","utility2-comment -->\\n\\","</h1>\\n\\","<h3>{{env.npm_package_description}}</h3>\\n\\","<!-- utility2-comment\\n\\","<h4><a download href=\"assets.app.js\">download standalone app</a></h4>\\n\\","<button class=\"onclick onreset\" id=\"testRunButton1\">run internal test</button><br>\\n\\","<div id=\"testReportDiv1\" style=\"display: none;\"></div>\\n\\","utility2-comment -->\\n\\","\\n\\","\\n\\","\\n\\","<label>stderr and stdout</label>\\n\\","<textarea class=\"resettable\" id=\"outputTextareaStdout1\" readonly></textarea>\\n\\","<!-- utility2-comment\\n\\","{{#if isRollup}}\\n\\","<script src=\"assets.app.js\"></script>\\n\\","{{#unless isRollup}}\\n\\","utility2-comment -->\\n\\","<script src=\"assets.utility2.rollup.js\"></script>\\n\\","<script src=\"jsonp.utility2._stateInit?callback=window.utility2._stateInit\"></script>\\n\\","<script src=\"assets.npmtest_ansi.rollup.js\"></script>\\n\\","<script src=\"assets.example.js\"></script>\\n\\","<script src=\"assets.test.js\"></script>\\n\\","<!-- utility2-comment\\n\\","{{/if isRollup}}\\n\\","utility2-comment -->\\n\\","<div class=\"utility2FooterDiv\">\\n\\","    [ this app was created with\\n\\","    <a href=\"https://github.com/kaizhu256/node-utility2\" target=\"_blank\">utility2</a>\\n\\","    ]\\n\\","</div>\\n\\","</body>\\n\\","</html>\\n\\","';","        /* jslint-ignore-end */","        if (local.templateRender) {","            local.assetsDict['/'] = local.templateRender(","                local.assetsDict['/assets.index.template.html'],","                {","                    env: local.objectSetDefault(local.env, {","                        npm_package_description: 'the greatest app in the world!',","                        npm_package_name: 'my-app',","                        npm_package_nameAlias: 'my_app',","                        npm_package_version: '0.0.1'","                    })","                }","            );","        } else {","            local.assetsDict['/'] = local.assetsDict['/assets.index.template.html']","                .replace((/\\{\\{env\\.(\\w+?)\\}\\}/g), function (match0, match1) {","                    // jslint-hack","                    String(match0);","                    switch (match1) {","                    case 'npm_package_description':","                        return 'the greatest app in the world!';","                    case 'npm_package_name':","                        return 'my-app';","                    case 'npm_package_nameAlias':","                        return 'my_app';","                    case 'npm_package_version':","                        return '0.0.1';","                    }","                });","        }","        // run the cli","        if (local.global.utility2_rollup || module !== require.main) {","            break;","        }","        local.assetsDict['/assets.example.js'] =","            local.assetsDict['/assets.example.js'] ||","            local.fs.readFileSync(__filename, 'utf8');","        // bug-workaround - long $npm_package_buildCustomOrg","        /* jslint-ignore-begin */","        local.assetsDict['/assets.npmtest_ansi.rollup.js'] =","            local.assetsDict['/assets.npmtest_ansi.rollup.js'] ||","            local.fs.readFileSync(","                local.npmtest_ansi.__dirname + '/lib.npmtest_ansi.js',","                'utf8'","            ).replace((/^#!/), '//');","        /* jslint-ignore-end */","        local.assetsDict['/favicon.ico'] = local.assetsDict['/favicon.ico'] || '';","        // if $npm_config_timeout_exit exists,","        // then exit this process after $npm_config_timeout_exit ms","        if (Number(process.env.npm_config_timeout_exit)) {","            setTimeout(process.exit, Number(process.env.npm_config_timeout_exit));","        }","        // start server","        if (local.global.utility2_serverHttp1) {","            break;","        }","        process.env.PORT = process.env.PORT || '8081';","        console.error('server starting on port ' + process.env.PORT);","        local.http.createServer(function (request, response) {","            request.urlParsed = local.url.parse(request.url);","            if (local.assetsDict[request.urlParsed.pathname] !== undefined) {","                response.end(local.assetsDict[request.urlParsed.pathname]);","                return;","            }","            response.statusCode = 404;","            response.end();","        }).listen(process.env.PORT);","        break;","    }","}());",""],"l":{"26":2,"28":2,"33":2,"35":2,"37":2,"38":2,"39":2,"44":1,"51":2,"55":2,"59":2,"61":2,"69":1,"70":2,"76":2,"79":2,"82":2,"83":2,"85":1,"89":2,"92":1,"93":1,"94":1,"96":1,"97":1,"100":1,"101":1,"103":1,"106":1,"108":2,"114":1,"116":1,"118":1,"123":1,"124":2,"125":2,"126":3,"127":3,"128":3,"129":3,"130":1,"133":3,"134":3,"139":3,"143":1,"144":3,"145":1,"149":1,"150":1,"158":1,"160":1,"161":1,"162":1,"164":1,"166":1,"258":1,"259":1,"271":1,"274":6,"275":6,"277":1,"279":2,"281":1,"283":2,"288":1,"289":1,"291":1,"296":1,"303":1,"306":1,"307":1,"310":1,"311":1,"313":1,"314":1,"315":1,"316":1,"317":1,"318":1,"319":1,"321":1,"322":1,"324":1}},"/home/travis/build/npmtest/node-npmtest-ansi/node_modules/ansi/lib/ansi.js":{"path":"/home/travis/build/npmtest/node-npmtest-ansi/node_modules/ansi/lib/ansi.js","s":{"1":1,"2":1,"3":1,"4":1,"5":1,"6":1,"7":0,"8":0,"9":0,"10":1,"11":1,"12":0,"13":0,"14":0,"15":0,"16":0,"17":0,"18":0,"19":0,"20":0,"21":0,"22":0,"23":0,"24":0,"25":0,"26":0,"27":0,"28":0,"29":0,"30":0,"31":0,"32":0,"33":1,"34":1,"35":0,"36":0,"37":0,"38":0,"39":1,"40":0,"41":0,"42":1,"43":0,"44":0,"45":0,"46":0,"47":0,"48":0,"49":0,"50":0,"51":1,"52":0,"53":0,"54":0,"55":1,"56":1,"57":0,"58":0,"59":0,"60":0,"61":0,"62":0,"63":1,"64":16,"65":16,"66":0,"67":0,"68":0,"69":0,"70":0,"71":1,"72":4,"73":4,"74":0,"75":0,"76":0,"77":0,"78":0,"79":4,"80":0,"81":0,"82":0,"83":0,"84":0,"85":1,"86":17,"87":17,"88":0,"89":0,"90":17,"91":0,"92":1,"93":0,"94":0,"95":1,"96":0,"97":0,"98":0,"99":0,"100":1,"101":0,"102":0,"103":1,"104":0,"105":0,"106":0,"107":0,"108":0,"109":0,"110":0,"111":0,"112":1,"113":0,"114":0,"115":0,"116":1,"117":0,"118":1,"119":0,"120":1,"121":0,"122":1,"123":0,"124":0,"125":1,"126":0,"127":0,"128":1,"129":0,"130":0,"131":1,"132":0,"133":0,"134":0,"135":0},"b":{"1":[0,0],"2":[0,0],"3":[0,0],"4":[0,0],"5":[0,0],"6":[0,0],"7":[0,0],"8":[0,0],"9":[0,0],"10":[0,0],"11":[0,0],"12":[0,0],"13":[0,0],"14":[0,0],"15":[0,0],"16":[0,0],"17":[0,0],"18":[0,0],"19":[0,0],"20":[0,0],"21":[0,0]},"f":{"1":0,"2":0,"3":0,"4":0,"5":0,"6":0,"7":0,"8":0,"9":0,"10":16,"11":0,"12":4,"13":0,"14":0,"15":17,"16":0,"17":0,"18":0,"19":0,"20":0,"21":0,"22":0,"23":0,"24":0,"25":0,"26":0,"27":0,"28":0,"29":0},"fnMap":{"1":{"name":"ansi","line":92,"loc":{"start":{"line":92,"column":0},"end":{"line":92,"column":32}}},"2":{"name":"Cursor","line":105,"loc":{"start":{"line":105,"column":0},"end":{"line":105,"column":34}}},"3":{"name":"(anonymous_3)","line":141,"loc":{"start":{"line":141,"column":23},"end":{"line":141,"column":35}}},"4":{"name":"(anonymous_4)","line":153,"loc":{"start":{"line":153,"column":25},"end":{"line":153,"column":41}}},"5":{"name":"(anonymous_5)","line":168,"loc":{"start":{"line":168,"column":26},"end":{"line":168,"column":38}}},"6":{"name":"(anonymous_6)","line":179,"loc":{"start":{"line":179,"column":25},"end":{"line":179,"column":37}}},"7":{"name":"(anonymous_7)","line":181,"loc":{"start":{"line":181,"column":29},"end":{"line":181,"column":45}}},"8":{"name":"Colorer","line":195,"loc":{"start":{"line":195,"column":0},"end":{"line":195,"column":32}}},"9":{"name":"setColorCode","line":206,"loc":{"start":{"line":206,"column":34},"end":{"line":206,"column":63}}},"10":{"name":"(anonymous_10)","line":219,"loc":{"start":{"line":219,"column":27},"end":{"line":219,"column":43}}},"11":{"name":"(anonymous_11)","line":221,"loc":{"start":{"line":221,"column":27},"end":{"line":221,"column":39}}},"12":{"name":"(anonymous_12)","line":235,"loc":{"start":{"line":235,"column":28},"end":{"line":235,"column":45}}},"13":{"name":"(anonymous_13)","line":240,"loc":{"start":{"line":240,"column":28},"end":{"line":240,"column":40}}},"14":{"name":"(anonymous_14)","line":247,"loc":{"start":{"line":247,"column":37},"end":{"line":247,"column":49}}},"15":{"name":"(anonymous_15)","line":259,"loc":{"start":{"line":259,"column":28},"end":{"line":259,"column":45}}},"16":{"name":"(anonymous_16)","line":262,"loc":{"start":{"line":262,"column":29},"end":{"line":262,"column":41}}},"17":{"name":"(anonymous_17)","line":267,"loc":{"start":{"line":267,"column":28},"end":{"line":267,"column":40}}},"18":{"name":"(anonymous_18)","line":276,"loc":{"start":{"line":276,"column":24},"end":{"line":276,"column":36}}},"19":{"name":"(anonymous_19)","line":285,"loc":{"start":{"line":285,"column":24},"end":{"line":285,"column":40}}},"20":{"name":"(anonymous_20)","line":296,"loc":{"start":{"line":296,"column":26},"end":{"line":296,"column":38}}},"21":{"name":"(anonymous_21)","line":305,"loc":{"start":{"line":305,"column":25},"end":{"line":305,"column":37}}},"22":{"name":"(anonymous_22)","line":321,"loc":{"start":{"line":321,"column":24},"end":{"line":321,"column":43}}},"23":{"name":"(anonymous_23)","line":332,"loc":{"start":{"line":332,"column":23},"end":{"line":332,"column":42}}},"24":{"name":"(anonymous_24)","line":341,"loc":{"start":{"line":341,"column":24},"end":{"line":341,"column":41}}},"25":{"name":"(anonymous_25)","line":349,"loc":{"start":{"line":349,"column":23},"end":{"line":349,"column":40}}},"26":{"name":"rgb","line":361,"loc":{"start":{"line":361,"column":0},"end":{"line":361,"column":23}}},"27":{"name":"rgb5","line":372,"loc":{"start":{"line":372,"column":0},"end":{"line":372,"column":24}}},"28":{"name":"hex","line":385,"loc":{"start":{"line":385,"column":0},"end":{"line":385,"column":21}}},"29":{"name":"toArray","line":397,"loc":{"start":{"line":397,"column":0},"end":{"line":397,"column":21}}}},"statementMap":{"1":{"start":{"line":14,"column":0},"end":{"line":16,"column":16}},"2":{"start":{"line":22,"column":0},"end":{"line":39,"column":1}},"3":{"start":{"line":45,"column":0},"end":{"line":50,"column":1}},"4":{"start":{"line":56,"column":0},"end":{"line":61,"column":1}},"5":{"start":{"line":67,"column":0},"end":{"line":85,"column":1}},"6":{"start":{"line":92,"column":0},"end":{"line":98,"column":1}},"7":{"start":{"line":93,"column":2},"end":{"line":97,"column":3}},"8":{"start":{"line":94,"column":4},"end":{"line":94,"column":29}},"9":{"start":{"line":96,"column":4},"end":{"line":96,"column":59}},"10":{"start":{"line":99,"column":0},"end":{"line":99,"column":31}},"11":{"start":{"line":105,"column":0},"end":{"line":144,"column":1}},"12":{"start":{"line":106,"column":2},"end":{"line":108,"column":3}},"13":{"start":{"line":107,"column":4},"end":{"line":107,"column":38}},"14":{"start":{"line":109,"column":2},"end":{"line":111,"column":3}},"15":{"start":{"line":110,"column":4},"end":{"line":110,"column":64}},"16":{"start":{"line":114,"column":2},"end":{"line":114,"column":22}},"17":{"start":{"line":117,"column":2},"end":{"line":117,"column":43}},"18":{"start":{"line":118,"column":2},"end":{"line":120,"column":3}},"19":{"start":{"line":119,"column":4},"end":{"line":119,"column":31}},"20":{"start":{"line":121,"column":2},"end":{"line":121,"column":31}},"21":{"start":{"line":125,"column":2},"end":{"line":125,"column":51}},"22":{"start":{"line":126,"column":2},"end":{"line":126,"column":19}},"23":{"start":{"line":129,"column":2},"end":{"line":129,"column":50}},"24":{"start":{"line":130,"column":2},"end":{"line":130,"column":51}},"25":{"start":{"line":133,"column":2},"end":{"line":133,"column":19}},"26":{"start":{"line":134,"column":2},"end":{"line":134,"column":21}},"27":{"start":{"line":135,"column":2},"end":{"line":135,"column":24}},"28":{"start":{"line":136,"column":2},"end":{"line":136,"column":22}},"29":{"start":{"line":139,"column":2},"end":{"line":139,"column":19}},"30":{"start":{"line":140,"column":2},"end":{"line":140,"column":27}},"31":{"start":{"line":141,"column":2},"end":{"line":143,"column":15}},"32":{"start":{"line":142,"column":4},"end":{"line":142,"column":19}},"33":{"start":{"line":145,"column":0},"end":{"line":145,"column":23}},"34":{"start":{"line":153,"column":0},"end":{"line":160,"column":1}},"35":{"start":{"line":154,"column":2},"end":{"line":158,"column":3}},"36":{"start":{"line":155,"column":4},"end":{"line":155,"column":32}},"37":{"start":{"line":157,"column":4},"end":{"line":157,"column":51}},"38":{"start":{"line":159,"column":2},"end":{"line":159,"column":13}},"39":{"start":{"line":168,"column":0},"end":{"line":171,"column":1}},"40":{"start":{"line":169,"column":2},"end":{"line":169,"column":23}},"41":{"start":{"line":170,"column":2},"end":{"line":170,"column":13}},"42":{"start":{"line":179,"column":0},"end":{"line":188,"column":1}},"43":{"start":{"line":180,"column":2},"end":{"line":180,"column":24}},"44":{"start":{"line":181,"column":2},"end":{"line":184,"column":14}},"45":{"start":{"line":182,"column":4},"end":{"line":182,"column":84}},"46":{"start":{"line":182,"column":26},"end":{"line":182,"column":84}},"47":{"start":{"line":183,"column":4},"end":{"line":183,"column":19}},"48":{"start":{"line":185,"column":2},"end":{"line":185,"column":25}},"49":{"start":{"line":186,"column":2},"end":{"line":186,"column":18}},"50":{"start":{"line":187,"column":2},"end":{"line":187,"column":13}},"51":{"start":{"line":195,"column":0},"end":{"line":199,"column":1}},"52":{"start":{"line":196,"column":2},"end":{"line":196,"column":21}},"53":{"start":{"line":197,"column":2},"end":{"line":197,"column":22}},"54":{"start":{"line":198,"column":2},"end":{"line":198,"column":18}},"55":{"start":{"line":200,"column":0},"end":{"line":200,"column":25}},"56":{"start":{"line":206,"column":0},"end":{"line":212,"column":1}},"57":{"start":{"line":207,"column":2},"end":{"line":207,"column":22}},"58":{"start":{"line":208,"column":2},"end":{"line":208,"column":32}},"59":{"start":{"line":208,"column":26},"end":{"line":208,"column":32}},"60":{"start":{"line":209,"column":2},"end":{"line":209,"column":63}},"61":{"start":{"line":210,"column":2},"end":{"line":210,"column":18}},"62":{"start":{"line":211,"column":2},"end":{"line":211,"column":13}},"63":{"start":{"line":219,"column":0},"end":{"line":229,"column":2}},"64":{"start":{"line":220,"column":2},"end":{"line":220,"column":32}},"65":{"start":{"line":221,"column":2},"end":{"line":228,"column":3}},"66":{"start":{"line":222,"column":4},"end":{"line":222,"column":16}},"67":{"start":{"line":223,"column":4},"end":{"line":225,"column":5}},"68":{"start":{"line":224,"column":6},"end":{"line":224,"column":61}},"69":{"start":{"line":226,"column":4},"end":{"line":226,"column":42}},"70":{"start":{"line":227,"column":4},"end":{"line":227,"column":15}},"71":{"start":{"line":235,"column":0},"end":{"line":253,"column":2}},"72":{"start":{"line":236,"column":2},"end":{"line":238,"column":22}},"73":{"start":{"line":240,"column":2},"end":{"line":245,"column":3}},"74":{"start":{"line":241,"column":4},"end":{"line":241,"column":31}},"75":{"start":{"line":241,"column":20},"end":{"line":241,"column":31}},"76":{"start":{"line":242,"column":4},"end":{"line":242,"column":51}},"77":{"start":{"line":243,"column":4},"end":{"line":243,"column":21}},"78":{"start":{"line":244,"column":4},"end":{"line":244,"column":15}},"79":{"start":{"line":247,"column":2},"end":{"line":252,"column":3}},"80":{"start":{"line":248,"column":4},"end":{"line":248,"column":32}},"81":{"start":{"line":248,"column":21},"end":{"line":248,"column":32}},"82":{"start":{"line":249,"column":4},"end":{"line":249,"column":51}},"83":{"start":{"line":250,"column":4},"end":{"line":250,"column":22}},"84":{"start":{"line":251,"column":4},"end":{"line":251,"column":15}},"85":{"start":{"line":259,"column":0},"end":{"line":270,"column":2}},"86":{"start":{"line":260,"column":2},"end":{"line":260,"column":26}},"87":{"start":{"line":262,"column":2},"end":{"line":265,"column":3}},"88":{"start":{"line":263,"column":4},"end":{"line":263,"column":40}},"89":{"start":{"line":264,"column":4},"end":{"line":264,"column":22}},"90":{"start":{"line":267,"column":2},"end":{"line":269,"column":3}},"91":{"start":{"line":268,"column":4},"end":{"line":268,"column":35}},"92":{"start":{"line":276,"column":0},"end":{"line":279,"column":1}},"93":{"start":{"line":277,"column":2},"end":{"line":277,"column":36}},"94":{"start":{"line":278,"column":2},"end":{"line":278,"column":13}},"95":{"start":{"line":285,"column":0},"end":{"line":290,"column":1}},"96":{"start":{"line":286,"column":2},"end":{"line":286,"column":11}},"97":{"start":{"line":287,"column":2},"end":{"line":287,"column":11}},"98":{"start":{"line":288,"column":2},"end":{"line":288,"column":56}},"99":{"start":{"line":289,"column":2},"end":{"line":289,"column":13}},"100":{"start":{"line":296,"column":0},"end":{"line":299,"column":1}},"101":{"start":{"line":297,"column":2},"end":{"line":297,"column":36}},"102":{"start":{"line":298,"column":2},"end":{"line":298,"column":20}},"103":{"start":{"line":305,"column":0},"end":{"line":314,"column":1}},"104":{"start":{"line":306,"column":2},"end":{"line":306,"column":51}},"105":{"start":{"line":307,"column":2},"end":{"line":307,"column":19}},"106":{"start":{"line":308,"column":2},"end":{"line":308,"column":21}},"107":{"start":{"line":309,"column":2},"end":{"line":309,"column":24}},"108":{"start":{"line":310,"column":2},"end":{"line":310,"column":22}},"109":{"start":{"line":311,"column":2},"end":{"line":311,"column":32}},"110":{"start":{"line":312,"column":2},"end":{"line":312,"column":32}},"111":{"start":{"line":313,"column":2},"end":{"line":313,"column":13}},"112":{"start":{"line":321,"column":0},"end":{"line":326,"column":1}},"113":{"start":{"line":322,"column":2},"end":{"line":323,"column":25}},"114":{"start":{"line":324,"column":2},"end":{"line":324,"column":41}},"115":{"start":{"line":325,"column":2},"end":{"line":325,"column":20}},"116":{"start":{"line":332,"column":0},"end":{"line":334,"column":1}},"117":{"start":{"line":333,"column":2},"end":{"line":333,"column":37}},"118":{"start":{"line":341,"column":0},"end":{"line":343,"column":1}},"119":{"start":{"line":342,"column":2},"end":{"line":342,"column":41}},"120":{"start":{"line":349,"column":0},"end":{"line":351,"column":1}},"121":{"start":{"line":350,"column":2},"end":{"line":350,"column":35}},"122":{"start":{"line":361,"column":0},"end":{"line":366,"column":1}},"123":{"start":{"line":362,"column":2},"end":{"line":364,"column":24}},"124":{"start":{"line":365,"column":2},"end":{"line":365,"column":31}},"125":{"start":{"line":372,"column":0},"end":{"line":377,"column":1}},"126":{"start":{"line":373,"column":2},"end":{"line":375,"column":26}},"127":{"start":{"line":376,"column":2},"end":{"line":376,"column":41}},"128":{"start":{"line":385,"column":0},"end":{"line":391,"column":1}},"129":{"start":{"line":386,"column":2},"end":{"line":389,"column":27}},"130":{"start":{"line":390,"column":2},"end":{"line":390,"column":60}},"131":{"start":{"line":397,"column":0},"end":{"line":405,"column":1}},"132":{"start":{"line":398,"column":2},"end":{"line":400,"column":14}},"133":{"start":{"line":401,"column":2},"end":{"line":403,"column":3}},"134":{"start":{"line":402,"column":4},"end":{"line":402,"column":18}},"135":{"start":{"line":404,"column":2},"end":{"line":404,"column":12}}},"branchMap":{"1":{"line":93,"type":"if","locations":[{"start":{"line":93,"column":2},"end":{"line":93,"column":2}},{"start":{"line":93,"column":2},"end":{"line":93,"column":2}}]},"2":{"line":106,"type":"if","locations":[{"start":{"line":106,"column":2},"end":{"line":106,"column":2}},{"start":{"line":106,"column":2},"end":{"line":106,"column":2}}]},"3":{"line":109,"type":"if","locations":[{"start":{"line":109,"column":2},"end":{"line":109,"column":2}},{"start":{"line":109,"column":2},"end":{"line":109,"column":2}}]},"4":{"line":109,"type":"binary-expr","locations":[{"start":{"line":109,"column":6},"end":{"line":109,"column":31}},{"start":{"line":109,"column":35},"end":{"line":109,"column":68}}]},"5":{"line":117,"type":"binary-expr","locations":[{"start":{"line":117,"column":17},"end":{"line":117,"column":24}},{"start":{"line":117,"column":28},"end":{"line":117,"column":43}}]},"6":{"line":118,"type":"if","locations":[{"start":{"line":118,"column":2},"end":{"line":118,"column":2}},{"start":{"line":118,"column":2},"end":{"line":118,"column":2}}]},"7":{"line":125,"type":"binary-expr","locations":[{"start":{"line":125,"column":22},"end":{"line":125,"column":29}},{"start":{"line":125,"column":33},"end":{"line":125,"column":50}}]},"8":{"line":154,"type":"if","locations":[{"start":{"line":154,"column":2},"end":{"line":154,"column":2}},{"start":{"line":154,"column":2},"end":{"line":154,"column":2}}]},"9":{"line":182,"type":"if","locations":[{"start":{"line":182,"column":4},"end":{"line":182,"column":4}},{"start":{"line":182,"column":4},"end":{"line":182,"column":4}}]},"10":{"line":208,"type":"if","locations":[{"start":{"line":208,"column":2},"end":{"line":208,"column":2}},{"start":{"line":208,"column":2},"end":{"line":208,"column":2}}]},"11":{"line":209,"type":"binary-expr","locations":[{"start":{"line":209,"column":2},"end":{"line":209,"column":21}},{"start":{"line":209,"column":25},"end":{"line":209,"column":63}}]},"12":{"line":223,"type":"if","locations":[{"start":{"line":223,"column":4},"end":{"line":223,"column":4}},{"start":{"line":223,"column":4},"end":{"line":223,"column":4}}]},"13":{"line":226,"type":"binary-expr","locations":[{"start":{"line":226,"column":4},"end":{"line":226,"column":16}},{"start":{"line":226,"column":20},"end":{"line":226,"column":42}}]},"14":{"line":241,"type":"if","locations":[{"start":{"line":241,"column":4},"end":{"line":241,"column":4}},{"start":{"line":241,"column":4},"end":{"line":241,"column":4}}]},"15":{"line":242,"type":"binary-expr","locations":[{"start":{"line":242,"column":4},"end":{"line":242,"column":16}},{"start":{"line":242,"column":20},"end":{"line":242,"column":51}}]},"16":{"line":248,"type":"if","locations":[{"start":{"line":248,"column":4},"end":{"line":248,"column":4}},{"start":{"line":248,"column":4},"end":{"line":248,"column":4}}]},"17":{"line":249,"type":"binary-expr","locations":[{"start":{"line":249,"column":4},"end":{"line":249,"column":16}},{"start":{"line":249,"column":20},"end":{"line":249,"column":51}}]},"18":{"line":277,"type":"binary-expr","locations":[{"start":{"line":277,"column":2},"end":{"line":277,"column":14}},{"start":{"line":277,"column":18},"end":{"line":277,"column":36}}]},"19":{"line":288,"type":"binary-expr","locations":[{"start":{"line":288,"column":2},"end":{"line":288,"column":14}},{"start":{"line":288,"column":18},"end":{"line":288,"column":56}}]},"20":{"line":306,"type":"binary-expr","locations":[{"start":{"line":306,"column":2},"end":{"line":306,"column":14}},{"start":{"line":306,"column":18},"end":{"line":306,"column":51}}]},"21":{"line":386,"type":"cond-expr","locations":[{"start":{"line":386,"column":29},"end":{"line":386,"column":47}},{"start":{"line":386,"column":50},"end":{"line":386,"column":55}}]}},"code":["","/**"," * References:"," *"," *   - http://en.wikipedia.org/wiki/ANSI_escape_code"," *   - http://www.termsys.demon.co.uk/vtansi.htm"," *"," */","","/**"," * Module dependencies."," */","","var emitNewlineEvents = require('./newlines')","  , prefix = '\\x1b[' // For all escape codes","  , suffix = 'm'     // Only for color codes","","/**"," * The ANSI escape sequences."," */","","var codes = {","    up: 'A'","  , down: 'B'","  , forward: 'C'","  , back: 'D'","  , nextLine: 'E'","  , previousLine: 'F'","  , horizontalAbsolute: 'G'","  , eraseData: 'J'","  , eraseLine: 'K'","  , scrollUp: 'S'","  , scrollDown: 'T'","  , savePosition: 's'","  , restorePosition: 'u'","  , queryPosition: '6n'","  , hide: '?25l'","  , show: '?25h'","}","","/**"," * Rendering ANSI codes."," */","","var styles = {","    bold: 1","  , italic: 3","  , underline: 4","  , inverse: 7","}","","/**"," * The negating ANSI code for the rendering modes."," */","","var reset = {","    bold: 22","  , italic: 23","  , underline: 24","  , inverse: 27","}","","/**"," * The standard, styleable ANSI colors."," */","","var colors = {","    white: 37","  , black: 30","  , blue: 34","  , cyan: 36","  , green: 32","  , magenta: 35","  , red: 31","  , yellow: 33","  , grey: 90","  , brightBlack: 90","  , brightRed: 91","  , brightGreen: 92","  , brightYellow: 93","  , brightBlue: 94","  , brightMagenta: 95","  , brightCyan: 96","  , brightWhite: 97","}","","","/**"," * Creates a Cursor instance based off the given `writable stream` instance."," */","","function ansi (stream, options) {","  if (stream._ansicursor) {","    return stream._ansicursor","  } else {","    return stream._ansicursor = new Cursor(stream, options)","  }","}","module.exports = exports = ansi","","/**"," * The `Cursor` class."," */","","function Cursor (stream, options) {","  if (!(this instanceof Cursor)) {","    return new Cursor(stream, options)","  }","  if (typeof stream != 'object' || typeof stream.write != 'function') {","    throw new Error('a valid Stream instance must be passed in')","  }","","  // the stream to use","  this.stream = stream","","  // when 'enabled' is false then all the functions are no-ops except for write()","  this.enabled = options && options.enabled","  if (typeof this.enabled === 'undefined') {","    this.enabled = stream.isTTY","  }","  this.enabled = !!this.enabled","","  // then `buffering` is true, then `write()` calls are buffered in","  // memory until `flush()` is invoked","  this.buffering = !!(options && options.buffering)","  this._buffer = []","","  // controls the foreground and background colors","  this.fg = this.foreground = new Colorer(this, 0)","  this.bg = this.background = new Colorer(this, 10)","","  // defaults","  this.Bold = false","  this.Italic = false","  this.Underline = false","  this.Inverse = false","","  // keep track of the number of \"newlines\" that get encountered","  this.newlines = 0","  emitNewlineEvents(stream)","  stream.on('newline', function () {","    this.newlines++","  }.bind(this))","}","exports.Cursor = Cursor","","/**"," * Helper function that calls `write()` on the underlying Stream."," * Returns `this` instead of the write() return value to keep"," * the chaining going."," */","","Cursor.prototype.write = function (data) {","  if (this.buffering) {","    this._buffer.push(arguments)","  } else {","    this.stream.write.apply(this.stream, arguments)","  }","  return this","}","","/**"," * Buffer `write()` calls into memory."," *"," * @api public"," */","","Cursor.prototype.buffer = function () {","  this.buffering = true","  return this","}","","/**"," * Write out the in-memory buffer."," *"," * @api public"," */","","Cursor.prototype.flush = function () {","  this.buffering = false","  var str = this._buffer.map(function (args) {","    if (args.length != 1) throw new Error('unexpected args length! ' + args.length);","    return args[0];","  }).join('');","  this._buffer.splice(0); // empty","  this.write(str);","  return this","}","","","/**"," * The `Colorer` class manages both the background and foreground colors."," */","","function Colorer (cursor, base) {","  this.current = null","  this.cursor = cursor","  this.base = base","}","exports.Colorer = Colorer","","/**"," * Write an ANSI color code, ensuring that the same code doesn't get rewritten."," */","","Colorer.prototype._setColorCode = function setColorCode (code) {","  var c = String(code)","  if (this.current === c) return","  this.cursor.enabled && this.cursor.write(prefix + c + suffix)","  this.current = c","  return this","}","","","/**"," * Set up the positional ANSI codes."," */","","Object.keys(codes).forEach(function (name) {","  var code = String(codes[name])","  Cursor.prototype[name] = function () {","    var c = code","    if (arguments.length > 0) {","      c = toArray(arguments).map(Math.round).join(';') + code","    }","    this.enabled && this.write(prefix + c)","    return this","  }","})","","/**"," * Set up the functions for the rendering ANSI codes."," */","","Object.keys(styles).forEach(function (style) {","  var name = style[0].toUpperCase() + style.substring(1)","    , c = styles[style]","    , r = reset[style]","","  Cursor.prototype[style] = function () {","    if (this[name]) return this","    this.enabled && this.write(prefix + c + suffix)","    this[name] = true","    return this","  }","","  Cursor.prototype['reset' + name] = function () {","    if (!this[name]) return this","    this.enabled && this.write(prefix + r + suffix)","    this[name] = false","    return this","  }","})","","/**"," * Setup the functions for the standard colors."," */","","Object.keys(colors).forEach(function (color) {","  var code = colors[color]","","  Colorer.prototype[color] = function () {","    this._setColorCode(this.base + code)","    return this.cursor","  }","","  Cursor.prototype[color] = function () {","    return this.foreground[color]()","  }","})","","/**"," * Makes a beep sound!"," */","","Cursor.prototype.beep = function () {","  this.enabled && this.write('\\x07')","  return this","}","","/**"," * Moves cursor to specific position"," */","","Cursor.prototype.goto = function (x, y) {","  x = x | 0","  y = y | 0","  this.enabled && this.write(prefix + y + ';' + x + 'H')","  return this","}","","/**"," * Resets the color."," */","","Colorer.prototype.reset = function () {","  this._setColorCode(this.base + 39)","  return this.cursor","}","","/**"," * Resets all ANSI formatting on the stream."," */","","Cursor.prototype.reset = function () {","  this.enabled && this.write(prefix + '0' + suffix)","  this.Bold = false","  this.Italic = false","  this.Underline = false","  this.Inverse = false","  this.foreground.current = null","  this.background.current = null","  return this","}","","/**"," * Sets the foreground color with the given RGB values."," * The closest match out of the 216 colors is picked."," */","","Colorer.prototype.rgb = function (r, g, b) {","  var base = this.base + 38","    , code = rgb(r, g, b)","  this._setColorCode(base + ';5;' + code)","  return this.cursor","}","","/**"," * Same as `cursor.fg.rgb(r, g, b)`."," */","","Cursor.prototype.rgb = function (r, g, b) {","  return this.foreground.rgb(r, g, b)","}","","/**"," * Accepts CSS color codes for use with ANSI escape codes."," * For example: `#FF000` would be bright red."," */","","Colorer.prototype.hex = function (color) {","  return this.rgb.apply(this, hex(color))","}","","/**"," * Same as `cursor.fg.hex(color)`."," */","","Cursor.prototype.hex = function (color) {","  return this.foreground.hex(color)","}","","","// UTIL FUNCTIONS //","","/**"," * Translates a 255 RGB value to a 0-5 ANSI RGV value,"," * then returns the single ANSI color code to use."," */","","function rgb (r, g, b) {","  var red = r / 255 * 5","    , green = g / 255 * 5","    , blue = b / 255 * 5","  return rgb5(red, green, blue)","}","","/**"," * Turns rgb 0-5 values into a single ANSI color code to use."," */","","function rgb5 (r, g, b) {","  var red = Math.round(r)","    , green = Math.round(g)","    , blue = Math.round(b)","  return 16 + (red*36) + (green*6) + blue","}","","/**"," * Accepts a hex CSS color code string (# is optional) and"," * translates it into an Array of 3 RGB 0-255 values, which"," * can then be used with rgb()."," */","","function hex (color) {","  var c = color[0] === '#' ? color.substring(1) : color","    , r = c.substring(0, 2)","    , g = c.substring(2, 4)","    , b = c.substring(4, 6)","  return [parseInt(r, 16), parseInt(g, 16), parseInt(b, 16)]","}","","/**"," * Turns an array-like object into a real array."," */","","function toArray (a) {","  var i = 0","    , l = a.length","    , rtn = []","  for (; i<l; i++) {","    rtn.push(a[i])","  }","  return rtn","}",""],"l":{"14":1,"22":1,"45":1,"56":1,"67":1,"92":1,"93":0,"94":0,"96":0,"99":1,"105":1,"106":0,"107":0,"109":0,"110":0,"114":0,"117":0,"118":0,"119":0,"121":0,"125":0,"126":0,"129":0,"130":0,"133":0,"134":0,"135":0,"136":0,"139":0,"140":0,"141":0,"142":0,"145":1,"153":1,"154":0,"155":0,"157":0,"159":0,"168":1,"169":0,"170":0,"179":1,"180":0,"181":0,"182":0,"183":0,"185":0,"186":0,"187":0,"195":1,"196":0,"197":0,"198":0,"200":1,"206":1,"207":0,"208":0,"209":0,"210":0,"211":0,"219":1,"220":16,"221":16,"222":0,"223":0,"224":0,"226":0,"227":0,"235":1,"236":4,"240":4,"241":0,"242":0,"243":0,"244":0,"247":4,"248":0,"249":0,"250":0,"251":0,"259":1,"260":17,"262":17,"263":0,"264":0,"267":17,"268":0,"276":1,"277":0,"278":0,"285":1,"286":0,"287":0,"288":0,"289":0,"296":1,"297":0,"298":0,"305":1,"306":0,"307":0,"308":0,"309":0,"310":0,"311":0,"312":0,"313":0,"321":1,"322":0,"324":0,"325":0,"332":1,"333":0,"341":1,"342":0,"349":1,"350":0,"361":1,"362":0,"365":0,"372":1,"373":0,"376":0,"385":1,"386":0,"390":0,"397":1,"398":0,"401":0,"402":0,"404":0}},"/home/travis/build/npmtest/node-npmtest-ansi/node_modules/ansi/lib/newlines.js":{"path":"/home/travis/build/npmtest/node-npmtest-ansi/node_modules/ansi/lib/newlines.js","s":{"1":1,"2":1,"3":1,"4":0,"5":0,"6":0,"7":0,"8":0,"9":0,"10":0,"11":0,"12":0,"13":0,"14":0,"15":0,"16":0,"17":0,"18":1,"19":1,"20":0,"21":0,"22":0},"b":{"1":[0,0],"2":[0,0],"3":[0,0],"4":[0,0]},"f":{"1":0,"2":0,"3":0},"fnMap":{"1":{"name":"emitNewlineEvents","line":26,"loc":{"start":{"line":26,"column":0},"end":{"line":26,"column":36}}},"2":{"name":"(anonymous_2)","line":34,"loc":{"start":{"line":34,"column":17},"end":{"line":34,"column":33}}},"3":{"name":"processByte","line":66,"loc":{"start":{"line":66,"column":0},"end":{"line":66,"column":33}}}},"statementMap":{"1":{"start":{"line":23,"column":0},"end":{"line":23,"column":30}},"2":{"start":{"line":24,"column":0},"end":{"line":24,"column":32}},"3":{"start":{"line":26,"column":0},"end":{"line":58,"column":1}},"4":{"start":{"line":27,"column":2},"end":{"line":30,"column":3}},"5":{"start":{"line":29,"column":4},"end":{"line":29,"column":10}},"6":{"start":{"line":32,"column":2},"end":{"line":32,"column":26}},"7":{"start":{"line":34,"column":2},"end":{"line":55,"column":3}},"8":{"start":{"line":36,"column":4},"end":{"line":36,"column":44}},"9":{"start":{"line":38,"column":4},"end":{"line":52,"column":5}},"10":{"start":{"line":39,"column":6},"end":{"line":40,"column":15}},"11":{"start":{"line":42,"column":6},"end":{"line":51,"column":7}},"12":{"start":{"line":43,"column":8},"end":{"line":45,"column":9}},"13":{"start":{"line":44,"column":10},"end":{"line":44,"column":49}},"14":{"start":{"line":48,"column":8},"end":{"line":50,"column":9}},"15":{"start":{"line":49,"column":10},"end":{"line":49,"column":38}},"16":{"start":{"line":54,"column":4},"end":{"line":54,"column":14}},"17":{"start":{"line":57,"column":2},"end":{"line":57,"column":33}},"18":{"start":{"line":59,"column":0},"end":{"line":59,"column":34}},"19":{"start":{"line":66,"column":0},"end":{"line":71,"column":1}},"20":{"start":{"line":67,"column":2},"end":{"line":67,"column":34}},"21":{"start":{"line":68,"column":2},"end":{"line":70,"column":3}},"22":{"start":{"line":69,"column":4},"end":{"line":69,"column":26}}},"branchMap":{"1":{"line":27,"type":"if","locations":[{"start":{"line":27,"column":2},"end":{"line":27,"column":2}},{"start":{"line":27,"column":2},"end":{"line":27,"column":2}}]},"2":{"line":38,"type":"if","locations":[{"start":{"line":38,"column":4},"end":{"line":38,"column":4}},{"start":{"line":38,"column":4},"end":{"line":38,"column":4}}]},"3":{"line":42,"type":"if","locations":[{"start":{"line":42,"column":6},"end":{"line":42,"column":6}},{"start":{"line":42,"column":6},"end":{"line":42,"column":6}}]},"4":{"line":68,"type":"if","locations":[{"start":{"line":68,"column":2},"end":{"line":68,"column":2}},{"start":{"line":68,"column":2},"end":{"line":68,"column":2}}]}},"code":["","/**"," * Accepts any node Stream instance and hijacks its \"write()\" function,"," * so that it can count any newlines that get written to the output."," *"," * When a '\\n' byte is encountered, then a \"newline\" event will be emitted"," * on the stream, with no arguments. It is up to the listeners to determine"," * any necessary deltas required for their use-case."," *"," * Ex:"," *"," *   var cursor = ansi(process.stdout)"," *     , ln = 0"," *   process.stdout.on('newline', function () {"," *    ln++"," *   })"," */","","/**"," * Module dependencies."," */","","var assert = require('assert')","var NEWLINE = '\\n'.charCodeAt(0)","","function emitNewlineEvents (stream) {","  if (stream._emittingNewlines) {","    // already emitting newline events","    return","  }","","  var write = stream.write","","  stream.write = function (data) {","    // first write the data","    var rtn = write.apply(stream, arguments)","","    if (stream.listeners('newline').length > 0) {","      var len = data.length","        , i = 0","      // now try to calculate any deltas","      if (typeof data == 'string') {","        for (; i<len; i++) {","          processByte(stream, data.charCodeAt(i))","        }","      } else {","        // buffer","        for (; i<len; i++) {","          processByte(stream, data[i])","        }","      }","    }","","    return rtn","  }","","  stream._emittingNewlines = true","}","module.exports = emitNewlineEvents","","","/**"," * Processes an individual byte being written to a stream"," */","","function processByte (stream, b) {","  assert.equal(typeof b, 'number')","  if (b === NEWLINE) {","    stream.emit('newline')","  }","}",""],"l":{"23":1,"24":1,"26":1,"27":0,"29":0,"32":0,"34":0,"36":0,"38":0,"39":0,"42":0,"43":0,"44":0,"48":0,"49":0,"54":0,"57":0,"59":1,"66":1,"67":0,"68":0,"69":0}}}